[debug] [2025-01-04T03:15:36.084Z] ----------------------------------------------------------------------
[debug] [2025-01-04T03:15:36.087Z] Command:       C:\Program Files\nodejs\node.exe C:\Users\user\AppData\Roaming\npm\node_modules\firebase-tools\lib\bin\firebase.js init
[debug] [2025-01-04T03:15:36.088Z] CLI Version:   13.29.1
[debug] [2025-01-04T03:15:36.088Z] Platform:      win32
[debug] [2025-01-04T03:15:36.088Z] Node Version:  v20.16.0
[debug] [2025-01-04T03:15:36.088Z] Time:          Sat Jan 04 2025 11:15:36 GMT+0800 (Taipei Standard Time)
[debug] [2025-01-04T03:15:36.088Z] ----------------------------------------------------------------------
[debug] 
[debug] [2025-01-04T03:15:36.092Z] >>> [apiv2][query] GET https://firebase-public.firebaseio.com/cli.json [none]
[debug] [2025-01-04T03:15:36.229Z] > command requires scopes: ["email","openid","https://www.googleapis.com/auth/cloudplatformprojects.readonly","https://www.googleapis.com/auth/firebase","https://www.googleapis.com/auth/cloud-platform"]
[debug] [2025-01-04T03:15:36.229Z] > authorizing via signed-in user (hernandezmarkjulius24@gmail.com)
[info] 
     ######## #### ########  ######## ########     ###     ######  ########
     ##        ##  ##     ## ##       ##     ##  ##   ##  ##       ##
     ######    ##  ########  ######   ########  #########  ######  ######
     ##        ##  ##    ##  ##       ##     ## ##     ##       ## ##
     ##       #### ##     ## ######## ########  ##     ##  ######  ########

You're about to initialize a Firebase project in this directory:

  C:\Users\user\Documents\personal\Angular\focusPal

Before we get started, keep in mind:

  * You are initializing within an existing Firebase project directory

[debug] [2025-01-04T03:15:37.003Z] <<< [apiv2][status] GET https://firebase-public.firebaseio.com/cli.json 200
[debug] [2025-01-04T03:15:37.004Z] <<< [apiv2][body] GET https://firebase-public.firebaseio.com/cli.json {"cloudBuildErrorAfter":1594252800000,"cloudBuildWarnAfter":1590019200000,"defaultNode10After":1594252800000,"minVersion":"3.0.5","node8DeploysDisabledAfter":1613390400000,"node8RuntimeDisabledAfter":1615809600000,"node8WarnAfter":1600128000000}
